<?xml version="1.0" encoding="UTF-8"?>
<!-- Generated by org.testng.reporters.JUnitReportReporter -->
<testsuite hostname="vakzor-fedora" failures="0" tests="8" name="proyecto_junit.PostWorkS03.TestSistemaLealtad" time="0.008" errors="0" timestamp="2022-11-26T05:45:03 CST" skipped="0">
  <testcase classname="proyecto_junit.PostWorkS03.TestSistemaLealtad" name="verificarSaldoEntre100Y150" time="0.000"/>
  <system-out/>
  <testcase classname="proyecto_junit.PostWorkS03.TestSistemaLealtad" name="verificarNoGuardarCupon" time="0.001"/>
  <system-out/>
  <testcase classname="proyecto_junit.PostWorkS03.TestSistemaLealtad" name="verificarClienteConTarjeta" time="0.004"/>
  <system-out/>
  <testcase classname="proyecto_junit.PostWorkS03.TestSistemaLealtad" name="verificarSaldoEntre50Y100" time="0.001"/>
  <system-out/>
  <testcase classname="proyecto_junit.PostWorkS03.TestSistemaLealtad" name="verificarSaldoMenorA50" time="0.000"/>
  <system-out/>
  <testcase classname="proyecto_junit.PostWorkS03.TestSistemaLealtad" name="verificarClienteSinTarjeta" time="0.000"/>
  <system-out/>
  <testcase classname="proyecto_junit.PostWorkS03.TestSistemaLealtad" name="verificarSaldoMayorA150" time="0.001"/>
  <system-out/>
  <testcase classname="proyecto_junit.PostWorkS03.TestSistemaLealtad" name="verificarGuardarCupon" time="0.001"/>
  <system-out/>
</testsuite> <!-- proyecto_junit.PostWorkS03.TestSistemaLealtad -->
