<?xml version="1.0" encoding="UTF-8"?>
<!-- Generated by org.testng.reporters.JUnitReportReporter -->
<testsuite hostname="vakzor-fedora" failures="0" tests="8" name="proyecto_junit.PostWorkS03.TestPizza" time="0.013" errors="0" timestamp="2022-11-26T05:26:32 CST" skipped="0">
  <testcase classname="proyecto_junit.PostWorkS03.TestPizza" name="verificaIngredienteHongos" time="0.001"/>
  <system-out/>
  <testcase classname="proyecto_junit.PostWorkS03.TestPizza" name="verificaIngredientePepperoni" time="0.001"/>
  <system-out/>
  <testcase classname="proyecto_junit.PostWorkS03.TestPizza" name="verificaIngredientesVeganos" time="0.000"/>
  <system-out/>
  <testcase classname="proyecto_junit.PostWorkS03.TestPizza" name="verificaIngredienteEspinaca" time="0.008"/>
  <system-out/>
  <testcase classname="proyecto_junit.PostWorkS03.TestPizza" name="verificaIngredienteSalchicha" time="0.001"/>
  <system-out/>
  <testcase classname="proyecto_junit.PostWorkS03.TestPizza" name="verificaIngredientePimiento" time="0.000"/>
  <system-out/>
  <testcase classname="proyecto_junit.PostWorkS03.TestPizza" name="verificarOpcionVeganaFalso" time="0.001"/>
  <system-out/>
  <testcase classname="proyecto_junit.PostWorkS03.TestPizza" name="verificaIngredienteJamon" time="0.001"/>
  <system-out/>
</testsuite> <!-- proyecto_junit.PostWorkS03.TestPizza -->
